<?xml version="1.0" encoding="UTF-8"?>
<testsuite name="it.unicam.cs.ids.UrbanUnveil.POITests" tests="2" skipped="0" failures="1" errors="0" timestamp="2024-09-04T10:37:26" hostname="LAPTOP-OPDFGHKG" time="1.622">
  <properties/>
  <testcase name="getAllTestAndRemove()" classname="it.unicam.cs.ids.UrbanUnveil.POITests" time="1.175">
    <failure message="org.opentest4j.AssertionFailedError: expected: &lt;[POI [id=null, posizione=OSMNode [place_id=101941658, nome=Osimo, lat=43.4861359, lon=13.4824068], contenuti=[], autore=User{id=1, name=Mattia, surname=Luciani, email='mattia@boh.it', CF='MNBHDGE', role=TOURIST}, stato=WAITING], POI [id=null, posizione=OSMNode [place_id=99578501, nome=Castelfidardo, lat=43.464574, lon=13.5467001], contenuti=[], autore=User{id=1, name=Mattia, surname=Luciani, email='mattia@boh.it', CF='MNBHDGE', role=TOURIST}, stato=WAITING]]&gt; but was: &lt;[]&gt;" type="org.opentest4j.AssertionFailedError">org.opentest4j.AssertionFailedError: expected: &lt;[POI [id=null, posizione=OSMNode [place_id=101941658, nome=Osimo, lat=43.4861359, lon=13.4824068], contenuti=[], autore=User{id=1, name=Mattia, surname=Luciani, email='mattia@boh.it', CF='MNBHDGE', role=TOURIST}, stato=WAITING], POI [id=null, posizione=OSMNode [place_id=99578501, nome=Castelfidardo, lat=43.464574, lon=13.5467001], contenuti=[], autore=User{id=1, name=Mattia, surname=Luciani, email='mattia@boh.it', CF='MNBHDGE', role=TOURIST}, stato=WAITING]]&gt; but was: &lt;[]&gt;
	at app//org.junit.jupiter.api.AssertionFailureBuilder.build(AssertionFailureBuilder.java:151)
	at app//org.junit.jupiter.api.AssertionFailureBuilder.buildAndThrow(AssertionFailureBuilder.java:132)
	at app//org.junit.jupiter.api.AssertEquals.failNotEqual(AssertEquals.java:197)
	at app//org.junit.jupiter.api.AssertEquals.assertEquals(AssertEquals.java:182)
	at app//org.junit.jupiter.api.AssertEquals.assertEquals(AssertEquals.java:177)
	at app//org.junit.jupiter.api.Assertions.assertEquals(Assertions.java:1145)
	at app//it.unicam.cs.ids.UrbanUnveil.POITests.getAllTestAndRemove(POITests.java:78)
	at java.base@17.0.10/java.lang.reflect.Method.invoke(Method.java:568)
	at java.base@17.0.10/java.util.ArrayList.forEach(ArrayList.java:1511)
	at java.base@17.0.10/java.util.ArrayList.forEach(ArrayList.java:1511)
</failure>
  </testcase>
  <testcase name="addPOITest()" classname="it.unicam.cs.ids.UrbanUnveil.POITests" time="0.446"/>
  <system-out><![CDATA[2024-09-04T12:37:26.345+02:00  INFO 7764 --- [UrbanUnveil] [    Test worker] t.c.s.AnnotationConfigContextLoaderUtils : Could not detect default configuration classes for test class [it.unicam.cs.ids.UrbanUnveil.POITests]: POITests does not declare any static, non-private, non-final, nested classes annotated with @Configuration.
2024-09-04T12:37:26.348+02:00  INFO 7764 --- [UrbanUnveil] [    Test worker] .b.t.c.SpringBootTestContextBootstrapper : Found @SpringBootConfiguration it.unicam.cs.ids.UrbanUnveil.UrbanUnveilApplication for test class it.unicam.cs.ids.UrbanUnveil.POITests
User{id=0, name=Mattia, surname=Luciani, email='mattia@boh.it', CF='MNBHDGE', role=CONTRIBUTOR}
<200 OK OK,[User{id=1, name=Mattia, surname=Luciani, email='mattia@boh.it', CF='MNBHDGE', role=TOURIST}, User{id=2, name=Mattia, surname=Luciani, email='mattia@boh.it', CF='MNBHDGE', role=CONTRIBUTOR}],[]>
]]></system-out>
  <system-err><![CDATA[]]></system-err>
</testsuite>
