<?xml version="1.0" encoding="UTF-8"?>
<testsuite name="it.unicam.cs.ids.UrbanUnveil.AuthenticationTests" tests="2" skipped="0" failures="0" errors="0" timestamp="2024-09-04T10:37:25" hostname="LAPTOP-OPDFGHKG" time="1.1">
  <properties/>
  <testcase name="ATest()" classname="it.unicam.cs.ids.UrbanUnveil.AuthenticationTests" time="1.048"/>
  <testcase name="BTest()" classname="it.unicam.cs.ids.UrbanUnveil.AuthenticationTests" time="0.051"/>
  <system-out><![CDATA[12:37:20.320 [Test worker] INFO org.springframework.test.context.support.AnnotationConfigContextLoaderUtils -- Could not detect default configuration classes for test class [it.unicam.cs.ids.UrbanUnveil.AuthenticationTests]: AuthenticationTests does not declare any static, non-private, non-final, nested classes annotated with @Configuration.
12:37:20.428 [Test worker] INFO org.springframework.boot.test.context.SpringBootTestContextBootstrapper -- Found @SpringBootConfiguration it.unicam.cs.ids.UrbanUnveil.UrbanUnveilApplication for test class it.unicam.cs.ids.UrbanUnveil.AuthenticationTests

  .   ____          _            __ _ _
 /\\ / ___'_ __ _ _(_)_ __  __ _ \ \ \ \
( ( )\___ | '_ | '_| | '_ \/ _` | \ \ \ \
 \\/  ___)| |_)| | | | | || (_| |  ) ) ) )
  '  |____| .__|_| |_|_| |_\__, | / / / /
 =========|_|==============|___/=/_/_/_/

 :: Spring Boot ::                (v3.3.1)

2024-09-04T12:37:20.857+02:00  WARN 7764 --- [UrbanUnveil] [    Test worker] ory$DuplicateJsonObjectContextCustomizer : 

Found multiple occurrences of org.json.JSONObject on the class path:

	jar:file:/C:/Users/mattl/.gradle/caches/modules-2/files-2.1/org.json/json/20211205/47032dcf2f69880f07dab3dc60b4b0ad97318308/json-20211205.jar!/org/json/JSONObject.class
	jar:file:/C:/Users/mattl/.gradle/caches/modules-2/files-2.1/com.vaadin.external.google/android-json/0.0.20131108.vaadin1/fa26d351fe62a6a17f5cda1287c1c6110dec413f/android-json-0.0.20131108.vaadin1.jar!/org/json/JSONObject.class

You may wish to exclude one of them to ensure predictable runtime behavior

2024-09-04T12:37:20.880+02:00  INFO 7764 --- [UrbanUnveil] [    Test worker] i.u.c.i.UrbanUnveil.AuthenticationTests  : Starting AuthenticationTests using Java 17.0.10 with PID 7764 (started by mattl in C:\Users\mattl\git\repository\UrbanUnveil)
2024-09-04T12:37:20.881+02:00  INFO 7764 --- [UrbanUnveil] [    Test worker] i.u.c.i.UrbanUnveil.AuthenticationTests  : No active profile set, falling back to 1 default profile: "default"
2024-09-04T12:37:21.570+02:00  INFO 7764 --- [UrbanUnveil] [    Test worker] .s.d.r.c.RepositoryConfigurationDelegate : Bootstrapping Spring Data JPA repositories in DEFAULT mode.
2024-09-04T12:37:21.657+02:00  INFO 7764 --- [UrbanUnveil] [    Test worker] .s.d.r.c.RepositoryConfigurationDelegate : Finished Spring Data repository scanning in 78 ms. Found 7 JPA repository interfaces.
2024-09-04T12:37:22.139+02:00  INFO 7764 --- [UrbanUnveil] [    Test worker] com.zaxxer.hikari.HikariDataSource       : HikariPool-1 - Starting...
2024-09-04T12:37:22.341+02:00  INFO 7764 --- [UrbanUnveil] [    Test worker] com.zaxxer.hikari.pool.HikariPool        : HikariPool-1 - Added connection conn0: url=jdbc:h2:mem:testdb user=USER
2024-09-04T12:37:22.342+02:00  INFO 7764 --- [UrbanUnveil] [    Test worker] com.zaxxer.hikari.HikariDataSource       : HikariPool-1 - Start completed.
2024-09-04T12:37:22.397+02:00  INFO 7764 --- [UrbanUnveil] [    Test worker] o.hibernate.jpa.internal.util.LogHelper  : HHH000204: Processing PersistenceUnitInfo [name: default]
2024-09-04T12:37:22.481+02:00  INFO 7764 --- [UrbanUnveil] [    Test worker] org.hibernate.Version                    : HHH000412: Hibernate ORM core version 6.5.2.Final
2024-09-04T12:37:22.526+02:00  INFO 7764 --- [UrbanUnveil] [    Test worker] o.h.c.internal.RegionFactoryInitiator    : HHH000026: Second-level cache disabled
2024-09-04T12:37:22.903+02:00  INFO 7764 --- [UrbanUnveil] [    Test worker] o.s.o.j.p.SpringPersistenceUnitInfo      : No LoadTimeWeaver setup: ignoring JPA class transformer
2024-09-04T12:37:22.961+02:00  WARN 7764 --- [UrbanUnveil] [    Test worker] org.hibernate.orm.deprecation            : HHH90000025: H2Dialect does not need to be specified explicitly using 'hibernate.dialect' (remove the property setting and it will be selected by default)
2024-09-04T12:37:23.843+02:00  INFO 7764 --- [UrbanUnveil] [    Test worker] o.h.m.i.EntityInstantiatorPojoStandard   : HHH000182: No default (no-argument) constructor for class: it.unicam.cs.ids.UrbanUnveil.api.models.Itinerario (class must be instantiated by Interceptor)
2024-09-04T12:37:24.105+02:00  INFO 7764 --- [UrbanUnveil] [    Test worker] o.h.e.t.j.p.i.JtaPlatformInitiator       : HHH000489: No JTA platform available (set 'hibernate.transaction.jta.platform' to enable JTA platform integration)
2024-09-04T12:37:24.176+02:00  INFO 7764 --- [UrbanUnveil] [    Test worker] j.LocalContainerEntityManagerFactoryBean : Initialized JPA EntityManagerFactory for persistence unit 'default'
2024-09-04T12:37:24.739+02:00  WARN 7764 --- [UrbanUnveil] [    Test worker] JpaBaseConfiguration$JpaWebConfiguration : spring.jpa.open-in-view is enabled by default. Therefore, database queries may be performed during view rendering. Explicitly configure spring.jpa.open-in-view to disable this warning
2024-09-04T12:37:25.104+02:00  WARN 7764 --- [UrbanUnveil] [    Test worker] ion$DefaultTemplateResolverConfiguration : Cannot find template location: classpath:/templates/ (please add some templates, check your Thymeleaf configuration, or set spring.thymeleaf.check-template-location=false)
2024-09-04T12:37:25.151+02:00  INFO 7764 --- [UrbanUnveil] [    Test worker] o.s.b.a.h2.H2ConsoleAutoConfiguration    : H2 console available at '/h2-console'. Database available at 'jdbc:h2:mem:testdb'
2024-09-04T12:37:25.219+02:00  INFO 7764 --- [UrbanUnveil] [    Test worker] i.u.c.i.UrbanUnveil.AuthenticationTests  : Started AuthenticationTests in 4.594 seconds (process running for 7.758)
]]></system-out>
  <system-err><![CDATA[]]></system-err>
</testsuite>
