<?xml version="1.0" encoding="UTF-8"?>
<testsuite name="it.unicam.cs.ids.UrbanUnveil.POITests" tests="1" skipped="0" failures="0" errors="0" timestamp="2024-08-31T16:11:48" hostname="FRANCESCOPC" time="0.934">
  <properties/>
  <testcase name="addPOITest()" classname="it.unicam.cs.ids.UrbanUnveil.POITests" time="0.934"/>
  <system-out><![CDATA[2024-08-31T18:11:47.742+02:00  INFO 27288 --- [UrbanUnveil] [    Test worker] t.c.s.AnnotationConfigContextLoaderUtils : Could not detect default configuration classes for test class [it.unicam.cs.ids.UrbanUnveil.POITests]: POITests does not declare any static, non-private, non-final, nested classes annotated with @Configuration.
2024-08-31T18:11:47.748+02:00  INFO 27288 --- [UrbanUnveil] [    Test worker] .b.t.c.SpringBootTestContextBootstrapper : Found @SpringBootConfiguration it.unicam.cs.ids.UrbanUnveil.UrbanUnveilApplication for test class it.unicam.cs.ids.UrbanUnveil.POITests

  .   ____          _            __ _ _
 /\\ / ___'_ __ _ _(_)_ __  __ _ \ \ \ \
( ( )\___ | '_ | '_| | '_ \/ _` | \ \ \ \
 \\/  ___)| |_)| | | | | || (_| |  ) ) ) )
  '  |____| .__|_| |_|_| |_\__, | / / / /
 =========|_|==============|___/=/_/_/_/

 :: Spring Boot ::                (v3.3.1)

2024-08-31T18:11:47.767+02:00  WARN 27288 --- [UrbanUnveil] [    Test worker] ory$DuplicateJsonObjectContextCustomizer : 

Found multiple occurrences of org.json.JSONObject on the class path:

	jar:file:/C:/Users/franc/.gradle/caches/modules-2/files-2.1/org.json/json/20211205/47032dcf2f69880f07dab3dc60b4b0ad97318308/json-20211205.jar!/org/json/JSONObject.class
	jar:file:/C:/Users/franc/.gradle/caches/modules-2/files-2.1/com.vaadin.external.google/android-json/0.0.20131108.vaadin1/fa26d351fe62a6a17f5cda1287c1c6110dec413f/android-json-0.0.20131108.vaadin1.jar!/org/json/JSONObject.class

You may wish to exclude one of them to ensure predictable runtime behavior

2024-08-31T18:11:47.768+02:00  INFO 27288 --- [UrbanUnveil] [    Test worker] it.unicam.cs.ids.UrbanUnveil.POITests    : Starting POITests using Java 17.0.11 with PID 27288 (started by franc in C:\Users\franc\git\UrbanUnveilFinal\UrbanUnveil)
2024-08-31T18:11:47.769+02:00  INFO 27288 --- [UrbanUnveil] [    Test worker] it.unicam.cs.ids.UrbanUnveil.POITests    : No active profile set, falling back to 1 default profile: "default"
2024-08-31T18:11:47.924+02:00  INFO 27288 --- [UrbanUnveil] [    Test worker] .s.d.r.c.RepositoryConfigurationDelegate : Bootstrapping Spring Data JPA repositories in DEFAULT mode.
2024-08-31T18:11:47.945+02:00  INFO 27288 --- [UrbanUnveil] [    Test worker] .s.d.r.c.RepositoryConfigurationDelegate : Finished Spring Data repository scanning in 20 ms. Found 7 JPA repository interfaces.
2024-08-31T18:11:48.011+02:00  INFO 27288 --- [UrbanUnveil] [    Test worker] com.zaxxer.hikari.HikariDataSource       : HikariPool-2 - Starting...
2024-08-31T18:11:48.012+02:00  INFO 27288 --- [UrbanUnveil] [    Test worker] com.zaxxer.hikari.pool.HikariPool        : HikariPool-2 - Added connection conn10: url=jdbc:h2:mem:testdb user=USER
2024-08-31T18:11:48.013+02:00  INFO 27288 --- [UrbanUnveil] [    Test worker] com.zaxxer.hikari.HikariDataSource       : HikariPool-2 - Start completed.
2024-08-31T18:11:48.014+02:00  INFO 27288 --- [UrbanUnveil] [    Test worker] o.hibernate.jpa.internal.util.LogHelper  : HHH000204: Processing PersistenceUnitInfo [name: default]
2024-08-31T18:11:48.018+02:00  INFO 27288 --- [UrbanUnveil] [    Test worker] o.h.c.internal.RegionFactoryInitiator    : HHH000026: Second-level cache disabled
2024-08-31T18:11:48.029+02:00  INFO 27288 --- [UrbanUnveil] [    Test worker] o.s.o.j.p.SpringPersistenceUnitInfo      : No LoadTimeWeaver setup: ignoring JPA class transformer
2024-08-31T18:11:48.030+02:00  WARN 27288 --- [UrbanUnveil] [    Test worker] org.hibernate.orm.deprecation            : HHH90000025: H2Dialect does not need to be specified explicitly using 'hibernate.dialect' (remove the property setting and it will be selected by default)
2024-08-31T18:11:48.104+02:00  INFO 27288 --- [UrbanUnveil] [    Test worker] o.h.m.i.EntityInstantiatorPojoStandard   : HHH000182: No default (no-argument) constructor for class: it.unicam.cs.ids.UrbanUnveil.api.models.POI (class must be instantiated by Interceptor)
2024-08-31T18:11:48.147+02:00  INFO 27288 --- [UrbanUnveil] [    Test worker] o.h.m.i.EntityInstantiatorPojoStandard   : HHH000182: No default (no-argument) constructor for class: it.unicam.cs.ids.UrbanUnveil.api.models.Itinerario (class must be instantiated by Interceptor)
2024-08-31T18:11:48.179+02:00  INFO 27288 --- [UrbanUnveil] [    Test worker] o.h.e.t.j.p.i.JtaPlatformInitiator       : HHH000489: No JTA platform available (set 'hibernate.transaction.jta.platform' to enable JTA platform integration)
2024-08-31T18:11:48.201+02:00  INFO 27288 --- [UrbanUnveil] [    Test worker] j.LocalContainerEntityManagerFactoryBean : Initialized JPA EntityManagerFactory for persistence unit 'default'
2024-08-31T18:11:48.294+02:00  WARN 27288 --- [UrbanUnveil] [    Test worker] JpaBaseConfiguration$JpaWebConfiguration : spring.jpa.open-in-view is enabled by default. Therefore, database queries may be performed during view rendering. Explicitly configure spring.jpa.open-in-view to disable this warning
2024-08-31T18:11:48.357+02:00  WARN 27288 --- [UrbanUnveil] [    Test worker] ion$DefaultTemplateResolverConfiguration : Cannot find template location: classpath:/templates/ (please add some templates, check your Thymeleaf configuration, or set spring.thymeleaf.check-template-location=false)
2024-08-31T18:11:48.374+02:00  INFO 27288 --- [UrbanUnveil] [    Test worker] o.s.b.a.h2.H2ConsoleAutoConfiguration    : H2 console available at '/h2-console'. Database available at 'jdbc:h2:mem:testdb'
2024-08-31T18:11:48.393+02:00  INFO 27288 --- [UrbanUnveil] [    Test worker] it.unicam.cs.ids.UrbanUnveil.POITests    : Started POITests in 0.641 seconds (process running for 6.456)
User{id=0, name=Mattia, surname=Luciani, email='mattia@boh.it', CF='MNBHDGE', role=TOURIST}
User{id=0, name=Mattia, surname=Luciani, email='mattia@boh.it', CF='MNBHDGE', role=TOURIST}
[User{id=1, name=Mattia, surname=Luciani, email='mattia@boh.it', CF='MNBHDGE', role=TOURIST}]
<403 FORBIDDEN Forbidden,[]>]]></system-out>
  <system-err><![CDATA[]]></system-err>
</testsuite>
