<?xml version="1.0" encoding="UTF-8"?>
<testsuite name="it.unicam.cs.ids.UrbanUnveil.AuthenticationTests" tests="2" skipped="0" failures="2" errors="0" timestamp="2024-09-23T18:34:24" hostname="FRANCESCOPC" time="0.073">
  <properties/>
  <testcase name="registrazioneTest()" classname="it.unicam.cs.ids.UrbanUnveil.AuthenticationTests" time="0.015">
    <failure message="org.opentest4j.AssertionFailedError: expected: &lt;User{id=2, name=Mattia, surname=Luciani, email='mattia@boh.it', CF='MNBHDGE', role=TOURIST}&gt; but was: &lt;User{id=1, name=Mattia, surname=Luciani, email='mattia@boh.it', CF='MNBHDGE', role=TOURIST}&gt;" type="org.opentest4j.AssertionFailedError">org.opentest4j.AssertionFailedError: expected: &lt;User{id=2, name=Mattia, surname=Luciani, email='mattia@boh.it', CF='MNBHDGE', role=TOURIST}&gt; but was: &lt;User{id=1, name=Mattia, surname=Luciani, email='mattia@boh.it', CF='MNBHDGE', role=TOURIST}&gt;
	at app//org.junit.jupiter.api.AssertionFailureBuilder.build(AssertionFailureBuilder.java:151)
	at app//org.junit.jupiter.api.AssertionFailureBuilder.buildAndThrow(AssertionFailureBuilder.java:132)
	at app//org.junit.jupiter.api.AssertEquals.failNotEqual(AssertEquals.java:197)
	at app//org.junit.jupiter.api.AssertEquals.assertEquals(AssertEquals.java:182)
	at app//org.junit.jupiter.api.AssertEquals.assertEquals(AssertEquals.java:177)
	at app//org.junit.jupiter.api.Assertions.assertEquals(Assertions.java:1145)
	at app//it.unicam.cs.ids.UrbanUnveil.AuthenticationTests.registrazioneTest(AuthenticationTests.java:32)
	at java.base@17.0.11/java.lang.reflect.Method.invoke(Method.java:568)
	at java.base@17.0.11/java.util.ArrayList.forEach(ArrayList.java:1511)
	at java.base@17.0.11/java.util.ArrayList.forEach(ArrayList.java:1511)
</failure>
  </testcase>
  <testcase name="BTest()" classname="it.unicam.cs.ids.UrbanUnveil.AuthenticationTests" time="0.057">
    <failure message="org.springframework.dao.IncorrectResultSizeDataAccessException: Query did not return a unique result: 2 results were returned" type="org.springframework.dao.IncorrectResultSizeDataAccessException">org.springframework.dao.IncorrectResultSizeDataAccessException: Query did not return a unique result: 2 results were returned
	at app//org.springframework.orm.jpa.vendor.HibernateJpaDialect.convertHibernateAccessException(HibernateJpaDialect.java:301)
	at app//org.springframework.orm.jpa.vendor.HibernateJpaDialect.translateExceptionIfPossible(HibernateJpaDialect.java:244)
	at app//org.springframework.orm.jpa.AbstractEntityManagerFactoryBean.translateExceptionIfPossible(AbstractEntityManagerFactoryBean.java:550)
	at app//org.springframework.dao.support.ChainedPersistenceExceptionTranslator.translateExceptionIfPossible(ChainedPersistenceExceptionTranslator.java:61)
	at app//org.springframework.dao.support.DataAccessUtils.translateIfNecessary(DataAccessUtils.java:335)
	at app//org.springframework.dao.support.PersistenceExceptionTranslationInterceptor.invoke(PersistenceExceptionTranslationInterceptor.java:160)
	at app//org.springframework.aop.framework.ReflectiveMethodInvocation.proceed(ReflectiveMethodInvocation.java:184)
	at app//org.springframework.data.jpa.repository.support.CrudMethodMetadataPostProcessor$CrudMethodMetadataPopulatingMethodInterceptor.invoke(CrudMethodMetadataPostProcessor.java:136)
	at app//org.springframework.aop.framework.ReflectiveMethodInvocation.proceed(ReflectiveMethodInvocation.java:184)
	at app//org.springframework.aop.interceptor.ExposeInvocationInterceptor.invoke(ExposeInvocationInterceptor.java:97)
	at app//org.springframework.aop.framework.ReflectiveMethodInvocation.proceed(ReflectiveMethodInvocation.java:184)
	at app//org.springframework.aop.framework.JdkDynamicAopProxy.invoke(JdkDynamicAopProxy.java:223)
	at app/jdk.proxy3/jdk.proxy3.$Proxy132.findByEmail(Unknown Source)
	at app//it.unicam.cs.ids.UrbanUnveil.api.services.AuthenticationService.checkValues(AuthenticationService.java:26)
	at app//it.unicam.cs.ids.UrbanUnveil.api.Controller.AuthenticationController.login(AuthenticationController.java:36)
	at app//it.unicam.cs.ids.UrbanUnveil.AuthenticationTests.BTest(AuthenticationTests.java:40)
	at java.base@17.0.11/java.lang.reflect.Method.invoke(Method.java:568)
	at java.base@17.0.11/java.util.ArrayList.forEach(ArrayList.java:1511)
	at java.base@17.0.11/java.util.ArrayList.forEach(ArrayList.java:1511)
Caused by: org.hibernate.NonUniqueResultException: Query did not return a unique result: 2 results were returned
	at app//org.hibernate.query.spi.AbstractSelectionQuery.uniqueElement(AbstractSelectionQuery.java:578)
	at app//org.hibernate.query.spi.AbstractSelectionQuery.getSingleResult(AbstractSelectionQuery.java:561)
	at java.base@17.0.11/jdk.internal.reflect.NativeMethodAccessorImpl.invoke0(Native Method)
	at java.base@17.0.11/jdk.internal.reflect.NativeMethodAccessorImpl.invoke(NativeMethodAccessorImpl.java:77)
	at java.base@17.0.11/jdk.internal.reflect.DelegatingMethodAccessorImpl.invoke(DelegatingMethodAccessorImpl.java:43)
	at java.base@17.0.11/java.lang.reflect.Method.invoke(Method.java:568)
	at app//org.springframework.orm.jpa.SharedEntityManagerCreator$DeferredQueryInvocationHandler.invoke(SharedEntityManagerCreator.java:418)
	at app/jdk.proxy3/jdk.proxy3.$Proxy175.getSingleResult(Unknown Source)
	at app//org.springframework.data.jpa.repository.query.JpaQueryExecution$SingleEntityExecution.doExecute(JpaQueryExecution.java:223)
	at app//org.springframework.data.jpa.repository.query.JpaQueryExecution.execute(JpaQueryExecution.java:92)
	at app//org.springframework.data.jpa.repository.query.AbstractJpaQuery.doExecute(AbstractJpaQuery.java:152)
	at app//org.springframework.data.jpa.repository.query.AbstractJpaQuery.execute(AbstractJpaQuery.java:140)
	at app//org.springframework.data.repository.core.support.RepositoryMethodInvoker.doInvoke(RepositoryMethodInvoker.java:170)
	at app//org.springframework.data.repository.core.support.RepositoryMethodInvoker.invoke(RepositoryMethodInvoker.java:158)
	at app//org.springframework.data.repository.core.support.QueryExecutorMethodInterceptor.doInvoke(QueryExecutorMethodInterceptor.java:164)
	at app//org.springframework.data.repository.core.support.QueryExecutorMethodInterceptor.invoke(QueryExecutorMethodInterceptor.java:143)
	at app//org.springframework.aop.framework.ReflectiveMethodInvocation.proceed(ReflectiveMethodInvocation.java:184)
	at app//org.springframework.data.projection.DefaultMethodInvokingMethodInterceptor.invoke(DefaultMethodInvokingMethodInterceptor.java:70)
	at app//org.springframework.aop.framework.ReflectiveMethodInvocation.proceed(ReflectiveMethodInvocation.java:184)
	at app//org.springframework.transaction.interceptor.TransactionInterceptor$1.proceedWithInvocation(TransactionInterceptor.java:123)
	at app//org.springframework.transaction.interceptor.TransactionAspectSupport.invokeWithinTransaction(TransactionAspectSupport.java:392)
	at app//org.springframework.transaction.interceptor.TransactionInterceptor.invoke(TransactionInterceptor.java:119)
	at app//org.springframework.aop.framework.ReflectiveMethodInvocation.proceed(ReflectiveMethodInvocation.java:184)
	at app//org.springframework.dao.support.PersistenceExceptionTranslationInterceptor.invoke(PersistenceExceptionTranslationInterceptor.java:138)
	... 13 more
</failure>
  </testcase>
  <system-out><![CDATA[2024-09-23T20:34:24.669+02:00  INFO 24152 --- [UrbanUnveil] [    Test worker] t.c.s.AnnotationConfigContextLoaderUtils : Could not detect default configuration classes for test class [it.unicam.cs.ids.UrbanUnveil.AuthenticationTests]: AuthenticationTests does not declare any static, non-private, non-final, nested classes annotated with @Configuration.
2024-09-23T20:34:24.672+02:00  INFO 24152 --- [UrbanUnveil] [    Test worker] .b.t.c.SpringBootTestContextBootstrapper : Found @SpringBootConfiguration it.unicam.cs.ids.UrbanUnveil.UrbanUnveilApplication for test class it.unicam.cs.ids.UrbanUnveil.AuthenticationTests
]]></system-out>
  <system-err><![CDATA[]]></system-err>
</testsuite>
