<?xml version="1.0" encoding="UTF-8"?>
<testsuite name="it.unicam.cs.ids.UrbanUnveil.AuthenticationTests" tests="2" skipped="0" failures="0" errors="0" timestamp="2024-09-04T10:43:58" hostname="LAPTOP-OPDFGHKG" time="0.058">
  <properties/>
  <testcase name="registrazioneTest()" classname="it.unicam.cs.ids.UrbanUnveil.AuthenticationTests" time="0.01"/>
  <testcase name="BTest()" classname="it.unicam.cs.ids.UrbanUnveil.AuthenticationTests" time="0.047"/>
  <system-out><![CDATA[2024-09-04T12:43:58.617+02:00  INFO 27040 --- [UrbanUnveil] [    Test worker] t.c.s.AnnotationConfigContextLoaderUtils : Could not detect default configuration classes for test class [it.unicam.cs.ids.UrbanUnveil.AuthenticationTests]: AuthenticationTests does not declare any static, non-private, non-final, nested classes annotated with @Configuration.
2024-09-04T12:43:58.619+02:00  INFO 27040 --- [UrbanUnveil] [    Test worker] .b.t.c.SpringBootTestContextBootstrapper : Found @SpringBootConfiguration it.unicam.cs.ids.UrbanUnveil.UrbanUnveilApplication for test class it.unicam.cs.ids.UrbanUnveil.AuthenticationTests
]]></system-out>
  <system-err><![CDATA[]]></system-err>
</testsuite>
