<?xml version="1.0" encoding="UTF-8"?>
<testsuite name="it.unicam.cs.ids.UrbanUnveil.UrbanUnveilApplicationTests" tests="1" skipped="0" failures="0" errors="0" timestamp="2024-08-31T16:11:49" hostname="FRANCESCOPC" time="0.003">
  <properties/>
  <testcase name="contextLoads()" classname="it.unicam.cs.ids.UrbanUnveil.UrbanUnveilApplicationTests" time="0.003"/>
  <system-out><![CDATA[2024-08-31T18:11:49.332+02:00  INFO 27288 --- [UrbanUnveil] [    Test worker] t.c.s.AnnotationConfigContextLoaderUtils : Could not detect default configuration classes for test class [it.unicam.cs.ids.UrbanUnveil.UrbanUnveilApplicationTests]: UrbanUnveilApplicationTests does not declare any static, non-private, non-final, nested classes annotated with @Configuration.
2024-08-31T18:11:49.334+02:00  INFO 27288 --- [UrbanUnveil] [    Test worker] .b.t.c.SpringBootTestContextBootstrapper : Found @SpringBootConfiguration it.unicam.cs.ids.UrbanUnveil.UrbanUnveilApplication for test class it.unicam.cs.ids.UrbanUnveil.UrbanUnveilApplicationTests
]]></system-out>
  <system-err><![CDATA[]]></system-err>
</testsuite>
