<?xml version="1.0" encoding="UTF-8"?>
<testsuite name="it.unicam.cs.ids.UrbanUnveil.api.Controller.ContentControllerTest" tests="1" skipped="0" failures="1" errors="0" timestamp="2024-08-31T16:11:47" hostname="FRANCESCOPC" time="0.491">
  <properties/>
  <testcase name="testContentUpload()" classname="it.unicam.cs.ids.UrbanUnveil.api.Controller.ContentControllerTest" time="0.491">
    <failure message="java.lang.AssertionError: Status expected:&lt;200&gt; but was:&lt;415&gt;" type="java.lang.AssertionError">java.lang.AssertionError: Status expected:&lt;200&gt; but was:&lt;415&gt;
	at org.springframework.test.util.AssertionErrors.fail(AssertionErrors.java:59)
	at org.springframework.test.util.AssertionErrors.assertEquals(AssertionErrors.java:122)
	at org.springframework.test.web.servlet.result.StatusResultMatchers.lambda$matcher$9(StatusResultMatchers.java:637)
	at org.springframework.test.web.servlet.MockMvc$1.andExpect(MockMvc.java:214)
	at it.unicam.cs.ids.UrbanUnveil.api.Controller.ContentControllerTest.testContentUpload(ContentControllerTest.java:37)
	at java.base/java.lang.reflect.Method.invoke(Method.java:568)
	at java.base/java.util.ArrayList.forEach(ArrayList.java:1511)
	at java.base/java.util.ArrayList.forEach(ArrayList.java:1511)
</failure>
  </testcase>
  <system-out><![CDATA[18:11:42.853 [Test worker] INFO org.springframework.test.context.support.AnnotationConfigContextLoaderUtils -- Could not detect default configuration classes for test class [it.unicam.cs.ids.UrbanUnveil.api.Controller.ContentControllerTest]: ContentControllerTest does not declare any static, non-private, non-final, nested classes annotated with @Configuration.
18:11:43.012 [Test worker] INFO org.springframework.boot.test.context.SpringBootTestContextBootstrapper -- Found @SpringBootConfiguration it.unicam.cs.ids.UrbanUnveil.UrbanUnveilApplication for test class it.unicam.cs.ids.UrbanUnveil.api.Controller.ContentControllerTest

  .   ____          _            __ _ _
 /\\ / ___'_ __ _ _(_)_ __  __ _ \ \ \ \
( ( )\___ | '_ | '_| | '_ \/ _` | \ \ \ \
 \\/  ___)| |_)| | | | | || (_| |  ) ) ) )
  '  |____| .__|_| |_|_| |_\__, | / / / /
 =========|_|==============|___/=/_/_/_/

 :: Spring Boot ::                (v3.3.1)

2024-08-31T18:11:43.426+02:00  WARN 27288 --- [UrbanUnveil] [    Test worker] ory$DuplicateJsonObjectContextCustomizer : 

Found multiple occurrences of org.json.JSONObject on the class path:

	jar:file:/C:/Users/franc/.gradle/caches/modules-2/files-2.1/org.json/json/20211205/47032dcf2f69880f07dab3dc60b4b0ad97318308/json-20211205.jar!/org/json/JSONObject.class
	jar:file:/C:/Users/franc/.gradle/caches/modules-2/files-2.1/com.vaadin.external.google/android-json/0.0.20131108.vaadin1/fa26d351fe62a6a17f5cda1287c1c6110dec413f/android-json-0.0.20131108.vaadin1.jar!/org/json/JSONObject.class

You may wish to exclude one of them to ensure predictable runtime behavior

2024-08-31T18:11:43.435+02:00  INFO 27288 --- [UrbanUnveil] [    Test worker] i.u.c.i.U.a.C.ContentControllerTest      : Starting ContentControllerTest using Java 17.0.11 with PID 27288 (started by franc in C:\Users\franc\git\UrbanUnveilFinal\UrbanUnveil)
2024-08-31T18:11:43.436+02:00  INFO 27288 --- [UrbanUnveil] [    Test worker] i.u.c.i.U.a.C.ContentControllerTest      : No active profile set, falling back to 1 default profile: "default"
2024-08-31T18:11:44.081+02:00  INFO 27288 --- [UrbanUnveil] [    Test worker] .s.d.r.c.RepositoryConfigurationDelegate : Bootstrapping Spring Data JPA repositories in DEFAULT mode.
2024-08-31T18:11:44.156+02:00  INFO 27288 --- [UrbanUnveil] [    Test worker] .s.d.r.c.RepositoryConfigurationDelegate : Finished Spring Data repository scanning in 67 ms. Found 7 JPA repository interfaces.
2024-08-31T18:11:44.597+02:00  INFO 27288 --- [UrbanUnveil] [    Test worker] com.zaxxer.hikari.HikariDataSource       : HikariPool-1 - Starting...
2024-08-31T18:11:44.777+02:00  INFO 27288 --- [UrbanUnveil] [    Test worker] com.zaxxer.hikari.pool.HikariPool        : HikariPool-1 - Added connection conn0: url=jdbc:h2:mem:testdb user=USER
2024-08-31T18:11:44.779+02:00  INFO 27288 --- [UrbanUnveil] [    Test worker] com.zaxxer.hikari.HikariDataSource       : HikariPool-1 - Start completed.
2024-08-31T18:11:44.823+02:00  INFO 27288 --- [UrbanUnveil] [    Test worker] o.hibernate.jpa.internal.util.LogHelper  : HHH000204: Processing PersistenceUnitInfo [name: default]
2024-08-31T18:11:44.883+02:00  INFO 27288 --- [UrbanUnveil] [    Test worker] org.hibernate.Version                    : HHH000412: Hibernate ORM core version 6.5.2.Final
2024-08-31T18:11:44.925+02:00  INFO 27288 --- [UrbanUnveil] [    Test worker] o.h.c.internal.RegionFactoryInitiator    : HHH000026: Second-level cache disabled
2024-08-31T18:11:45.233+02:00  INFO 27288 --- [UrbanUnveil] [    Test worker] o.s.o.j.p.SpringPersistenceUnitInfo      : No LoadTimeWeaver setup: ignoring JPA class transformer
2024-08-31T18:11:45.273+02:00  WARN 27288 --- [UrbanUnveil] [    Test worker] org.hibernate.orm.deprecation            : HHH90000025: H2Dialect does not need to be specified explicitly using 'hibernate.dialect' (remove the property setting and it will be selected by default)
2024-08-31T18:11:45.862+02:00  INFO 27288 --- [UrbanUnveil] [    Test worker] o.h.m.i.EntityInstantiatorPojoStandard   : HHH000182: No default (no-argument) constructor for class: it.unicam.cs.ids.UrbanUnveil.api.models.POI (class must be instantiated by Interceptor)
2024-08-31T18:11:45.939+02:00  INFO 27288 --- [UrbanUnveil] [    Test worker] o.h.m.i.EntityInstantiatorPojoStandard   : HHH000182: No default (no-argument) constructor for class: it.unicam.cs.ids.UrbanUnveil.api.models.Itinerario (class must be instantiated by Interceptor)
2024-08-31T18:11:46.139+02:00  INFO 27288 --- [UrbanUnveil] [    Test worker] o.h.e.t.j.p.i.JtaPlatformInitiator       : HHH000489: No JTA platform available (set 'hibernate.transaction.jta.platform' to enable JTA platform integration)
2024-08-31T18:11:46.207+02:00  INFO 27288 --- [UrbanUnveil] [    Test worker] j.LocalContainerEntityManagerFactoryBean : Initialized JPA EntityManagerFactory for persistence unit 'default'
2024-08-31T18:11:46.737+02:00  WARN 27288 --- [UrbanUnveil] [    Test worker] JpaBaseConfiguration$JpaWebConfiguration : spring.jpa.open-in-view is enabled by default. Therefore, database queries may be performed during view rendering. Explicitly configure spring.jpa.open-in-view to disable this warning
2024-08-31T18:11:47.069+02:00  WARN 27288 --- [UrbanUnveil] [    Test worker] ion$DefaultTemplateResolverConfiguration : Cannot find template location: classpath:/templates/ (please add some templates, check your Thymeleaf configuration, or set spring.thymeleaf.check-template-location=false)
2024-08-31T18:11:47.119+02:00  INFO 27288 --- [UrbanUnveil] [    Test worker] o.s.b.a.h2.H2ConsoleAutoConfiguration    : H2 console available at '/h2-console'. Database available at 'jdbc:h2:mem:testdb'
2024-08-31T18:11:47.194+02:00  INFO 27288 --- [UrbanUnveil] [    Test worker] o.s.b.t.m.w.SpringBootMockServletContext : Initializing Spring TestDispatcherServlet ''
2024-08-31T18:11:47.194+02:00  INFO 27288 --- [UrbanUnveil] [    Test worker] o.s.t.web.servlet.TestDispatcherServlet  : Initializing Servlet ''
2024-08-31T18:11:47.197+02:00  INFO 27288 --- [UrbanUnveil] [    Test worker] o.s.t.web.servlet.TestDispatcherServlet  : Completed initialization in 1 ms
2024-08-31T18:11:47.227+02:00  INFO 27288 --- [UrbanUnveil] [    Test worker] i.u.c.i.U.a.C.ContentControllerTest      : Started ContentControllerTest in 4.056 seconds (process running for 5.29)
2024-08-31T18:11:47.715+02:00  WARN 27288 --- [UrbanUnveil] [    Test worker] .w.s.m.s.DefaultHandlerExceptionResolver : Resolved [org.springframework.web.HttpMediaTypeNotSupportedException: Content-Type 'multipart/form-data;charset=UTF-8' is not supported]

MockHttpServletRequest:
      HTTP Method = POST
      Request URI = /content/uploadContent
       Parameters = {title=[Test Title], descr=[Test Description]}
          Headers = [Content-Type:"multipart/form-data;charset=UTF-8"]
             Body = null
    Session Attrs = {}

Handler:
             Type = it.unicam.cs.ids.UrbanUnveil.api.Controller.ContentController
           Method = it.unicam.cs.ids.UrbanUnveil.api.Controller.ContentController#ContentUpload(Content, MultipartFile)

Async:
    Async started = false
     Async result = null

Resolved Exception:
             Type = org.springframework.web.HttpMediaTypeNotSupportedException

ModelAndView:
        View name = null
             View = null
            Model = null

FlashMap:
       Attributes = null

MockHttpServletResponse:
           Status = 415
    Error message = Content-Type 'multipart/form-data;charset=UTF-8' is not supported.
          Headers = [Accept:"application/json, application/*+json"]
     Content type = null
             Body = 
    Forwarded URL = null
   Redirected URL = null
          Cookies = []
]]></system-out>
  <system-err><![CDATA[]]></system-err>
</testsuite>
