<?xml version="1.0" encoding="UTF-8"?>
<testsuite name="it.unicam.cs.ids.UrbanUnveil.UrbanUnveilApplicationTests" tests="1" skipped="0" failures="0" errors="0" timestamp="2024-09-04T10:37:27" hostname="LAPTOP-OPDFGHKG" time="0.002">
  <properties/>
  <testcase name="contextLoads()" classname="it.unicam.cs.ids.UrbanUnveil.UrbanUnveilApplicationTests" time="0.002"/>
  <system-out><![CDATA[2024-09-04T12:37:27.976+02:00  INFO 7764 --- [UrbanUnveil] [    Test worker] t.c.s.AnnotationConfigContextLoaderUtils : Could not detect default configuration classes for test class [it.unicam.cs.ids.UrbanUnveil.UrbanUnveilApplicationTests]: UrbanUnveilApplicationTests does not declare any static, non-private, non-final, nested classes annotated with @Configuration.
2024-09-04T12:37:27.977+02:00  INFO 7764 --- [UrbanUnveil] [    Test worker] .b.t.c.SpringBootTestContextBootstrapper : Found @SpringBootConfiguration it.unicam.cs.ids.UrbanUnveil.UrbanUnveilApplication for test class it.unicam.cs.ids.UrbanUnveil.UrbanUnveilApplicationTests
]]></system-out>
  <system-err><![CDATA[]]></system-err>
</testsuite>
